Flutter crash report; please file at https://github.com/flutter/flutter/issues.

## command

flutter -v build apk

## exception

ProcessException: ProcessException: Process "D:\code\demo\android\gradlew.bat" exited abnormally:
Unzipping C:\Users\SAVAN VAROTARIYA\.gradle\wrapper\dists\gradle-4.10.2-all\9fahxiiecdb76a5g3aw9oi8rv\gradle-4.10.2-all.zip to C:\Users\SAVAN VAROTARIYA\.gradle\wrapper\dists\gradle-4.10.2-all\9fahxiiecdb76a5g3aw9oi8rv

Exception in thread "main" java.util.zip.ZipException: error in opening zip file
	at java.util.zip.ZipFile.open(Native Method)
	at java.util.zip.ZipFile.<init>(ZipFile.java:219)
	at java.util.zip.ZipFile.<init>(ZipFile.java:149)
	at java.util.zip.ZipFile.<init>(ZipFile.java:163)
	at org.gradle.wrapper.Install.unzip(Install.java:214)
	at org.gradle.wrapper.Install.access$600(Install.java:27)
	at org.gradle.wrapper.Install$1.call(Install.java:74)
	at org.gradle.wrapper.Install$1.call(Install.java:48)
	at org.gradle.wrapper.ExclusiveFileAccessManager.access(ExclusiveFileAccessManager.java:65)
	at org.gradle.wrapper.Install.createDist(Install.java:48)
	at org.gradle.wrapper.WrapperExecutor.execute(WrapperExecutor.java:128)
	at org.gradle.wrapper.GradleWrapperMain.main(GradleWrapperMain.java:61)
  Command: D:\code\demo\android\gradlew.bat -v

```
#0      runCheckedAsync (package:flutter_tools/src/base/process.dart:259:7)
<asynchronous suspension>
#1      _initializeGradle (package:flutter_tools/src/android/gradle.dart:225:9)
<asynchronous suspension>
#2      _ensureGradle (package:flutter_tools/src/android/gradle.dart:206:37)
<asynchronous suspension>
#3      buildGradleProject (package:flutter_tools/src/android/gradle.dart:336:31)
<asynchronous suspension>
#4      buildApk (package:flutter_tools/src/android/apk.dart:34:9)
<asynchronous suspension>
#5      BuildApkCommand.runCommand (package:flutter_tools/src/commands/build_apk.dart:79:11)
<asynchronous suspension>
#6      FlutterCommand.verifyThenRunCommand (package:flutter_tools/src/runner/flutter_command.dart:478:18)
<asynchronous suspension>
#7      FlutterCommand.run.<anonymous closure> (package:flutter_tools/src/runner/flutter_command.dart:383:33)
<asynchronous suspension>
#8      AppContext.run.<anonymous closure> (package:flutter_tools/src/base/context.dart:153:29)
<asynchronous suspension>
#9      _rootRun (dart:async/zone.dart:1124:13)
#10     _CustomZone.run (dart:async/zone.dart:1021:19)
#11     _runZoned (dart:async/zone.dart:1516:10)
#12     runZoned (dart:async/zone.dart:1463:12)
#13     AppContext.run (package:flutter_tools/src/base/context.dart:152:18)
<asynchronous suspension>
#14     FlutterCommand.run (package:flutter_tools/src/runner/flutter_command.dart:375:20)
#15     CommandRunner.runCommand (package:args/command_runner.dart:197:27)
<asynchronous suspension>
#16     FlutterCommandRunner.runCommand.<anonymous closure> (package:flutter_tools/src/runner/flutter_command_runner.dart:396:21)
<asynchronous suspension>
#17     AppContext.run.<anonymous closure> (package:flutter_tools/src/base/context.dart:153:29)
<asynchronous suspension>
#18     _rootRun (dart:async/zone.dart:1124:13)
#19     _CustomZone.run (dart:async/zone.dart:1021:19)
#20     _runZoned (dart:async/zone.dart:1516:10)
#21     runZoned (dart:async/zone.dart:1463:12)
#22     AppContext.run (package:flutter_tools/src/base/context.dart:152:18)
<asynchronous suspension>
#23     FlutterCommandRunner.runCommand (package:flutter_tools/src/runner/flutter_command_runner.dart:356:19)
<asynchronous suspension>
#24     CommandRunner.run.<anonymous closure> (package:args/command_runner.dart:112:25)
#25     new Future.sync (dart:async/future.dart:224:31)
#26     CommandRunner.run (package:args/command_runner.dart:112:14)
#27     FlutterCommandRunner.run (package:flutter_tools/src/runner/flutter_command_runner.dart:242:18)
#28     run.<anonymous closure>.<anonymous closure> (package:flutter_tools/runner.dart:62:22)
<asynchronous suspension>
#29     _rootRun (dart:async/zone.dart:1124:13)
#30     _CustomZone.run (dart:async/zone.dart:1021:19)
#31     _runZoned (dart:async/zone.dart:1516:10)
#32     runZoned (dart:async/zone.dart:1500:12)
#33     run.<anonymous closure> (package:flutter_tools/runner.dart:60:18)
<asynchronous suspension>
#34     AppContext.run.<anonymous closure> (package:flutter_tools/src/base/context.dart:153:29)
<asynchronous suspension>
#35     _rootRun (dart:async/zone.dart:1124:13)
#36     _CustomZone.run (dart:async/zone.dart:1021:19)
#37     _runZoned (dart:async/zone.dart:1516:10)
#38     runZoned (dart:async/zone.dart:1463:12)
#39     AppContext.run (package:flutter_tools/src/base/context.dart:152:18)
<asynchronous suspension>
#40     runInContext (package:flutter_tools/src/context_runner.dart:56:24)
<asynchronous suspension>
#41     run (package:flutter_tools/runner.dart:51:10)
#42     main (package:flutter_tools/executable.dart:62:9)
<asynchronous suspension>
#43     main (file:///C:/b/s/w/ir/k/archive/flutter/packages/flutter_tools/bin/flutter_tools.dart:8:3)
#44     _startIsolate.<anonymous closure> (dart:isolate-patch/isolate_patch.dart:299:32)
#45     _RawReceivePortImpl._handleMessage (dart:isolate-patch/isolate_patch.dart:172:12)
```

## flutter doctor

```
[32m[✓][39m Flutter (Channel stable, v1.7.8+hotfix.4, on Microsoft Windows [Version 10.0.18362.657], locale en-IN)
    [32m•[39m Flutter version 1.7.8+hotfix.4 at D:\flutter
    [32m•[39m Framework revision 20e59316b8 (9 months ago), 2019-07-18 20:04:33 -0700
    [32m•[39m Engine revision fee001c93f
    [32m•[39m Dart version 2.4.0

[32m[✓][39m Android toolchain - develop for Android devices (Android SDK version 29.0.2)
    [32m•[39m Android SDK at C:\Users\SAVAN VAROTARIYA\AppData\Local\Android\sdk
    [32m•[39m Android NDK location not configured (optional; useful for native profiling support)
    [32m•[39m Platform android-29, build-tools 29.0.2
    [32m•[39m Java binary at: C:\Program Files\Android\Android Studio\jre\bin\java
    [32m•[39m Java version OpenJDK Runtime Environment (build 1.8.0_152-release-1343-b01)
    [32m•[39m All Android licenses accepted.

[32m[✓][39m Android Studio (version 3.4)
    [32m•[39m Android Studio at C:\Program Files\Android\Android Studio
    [32m•[39m Flutter plugin version 38.1.1
    [32m•[39m Dart plugin version 183.6270
    [32m•[39m Java version OpenJDK Runtime Environment (build 1.8.0_152-release-1343-b01)

[32m[✓][39m VS Code, 64-bit edition (version 1.36.1)
    [32m•[39m VS Code at C:\Program Files\Microsoft VS Code
    [32m•[39m Flutter extension version 3.4.1

[32m[✓][39m Connected device (1 available)
    [32m•[39m ONEPLUS A6000 • 95db4dec • android-arm64 • Android 10 (API 29)

[32m•[39m No issues found!
```
